2022-09-14 23:39:09.534  INFO 8884 --- [main] com.example.demo.DemoApplication         : Starting DemoApplication using Java 17.0.1 on WIN-D0JCAAOP8I4 with PID 8884 (C:\Git\demo\target\classes started by User in C:\Git\demo)
2022-09-14 23:39:09.536  INFO 8884 --- [main] com.example.demo.DemoApplication         : No active profile set, falling back to 1 default profile: "default"
2022-09-14 23:39:09.803  INFO 8884 --- [main] .s.d.r.c.RepositoryConfigurationDelegate : Bootstrapping Spring Data JPA repositories in DEFAULT mode.
2022-09-14 23:39:09.826  INFO 8884 --- [main] .s.d.r.c.RepositoryConfigurationDelegate : Finished Spring Data repository scanning in 18 ms. Found 1 JPA repository interfaces.
2022-09-14 23:39:10.039  INFO 8884 --- [main] o.s.b.w.embedded.tomcat.TomcatWebServer  : Tomcat initialized with port(s): 8080 (http)
2022-09-14 23:39:10.043  INFO 8884 --- [main] o.apache.catalina.core.StandardService   : Starting service [Tomcat]
2022-09-14 23:39:10.043  INFO 8884 --- [main] org.apache.catalina.core.StandardEngine  : Starting Servlet engine: [Apache Tomcat/9.0.65]
2022-09-14 23:39:10.107  INFO 8884 --- [main] o.a.c.c.C.[Tomcat].[localhost].[/]       : Initializing Spring embedded WebApplicationContext
2022-09-14 23:39:10.107  INFO 8884 --- [main] w.s.c.ServletWebServerApplicationContext : Root WebApplicationContext: initialization completed in 547 ms
2022-09-14 23:39:10.178  INFO 8884 --- [main] o.hibernate.jpa.internal.util.LogHelper  : HHH000204: Processing PersistenceUnitInfo [name: default]
2022-09-14 23:39:10.198  INFO 8884 --- [main] org.hibernate.Version                    : HHH000412: Hibernate ORM core version 5.6.10.Final
2022-09-14 23:39:10.254  INFO 8884 --- [main] o.hibernate.annotations.common.Version   : HCANN000001: Hibernate Commons Annotations {5.1.2.Final}
2022-09-14 23:39:10.295  INFO 8884 --- [main] com.zaxxer.hikari.HikariDataSource       : HikariPool-1 - Starting...
2022-09-14 23:39:10.374  INFO 8884 --- [main] com.zaxxer.hikari.HikariDataSource       : HikariPool-1 - Start completed.
2022-09-14 23:39:10.381  INFO 8884 --- [main] org.hibernate.dialect.Dialect            : HHH000400: Using dialect: org.hibernate.dialect.PostgreSQLDialect
2022-09-14 23:39:10.614  INFO 8884 --- [main] o.h.e.t.j.p.i.JtaPlatformInitiator       : HHH000490: Using JtaPlatform implementation: [org.hibernate.engine.transaction.jta.platform.internal.NoJtaPlatform]
2022-09-14 23:39:10.618  INFO 8884 --- [main] j.LocalContainerEntityManagerFactoryBean : Initialized JPA EntityManagerFactory for persistence unit 'default'
2022-09-14 23:39:10.912  INFO 8884 --- [main] o.s.b.w.embedded.tomcat.TomcatWebServer  : Tomcat started on port(s): 8080 (http) with context path ''
2022-09-14 23:39:10.918  INFO 8884 --- [main] com.example.demo.DemoApplication         : Started DemoApplication in 1.577 seconds (JVM running for 1.858)
2022-09-14 23:46:57.119  INFO 8884 --- [SpringApplicationShutdownHook] j.LocalContainerEntityManagerFactoryBean : Closing JPA EntityManagerFactory for persistence unit 'default'
2022-09-14 23:46:57.120  INFO 8884 --- [SpringApplicationShutdownHook] com.zaxxer.hikari.HikariDataSource       : HikariPool-1 - Shutdown initiated...
2022-09-14 23:46:57.121  INFO 8884 --- [SpringApplicationShutdownHook] com.zaxxer.hikari.HikariDataSource       : HikariPool-1 - Shutdown completed.
